<?xml version="1.0" encoding="UTF-8"?>
<!-- Generated by org.testng.reporters.JUnitReportReporter -->
<testsuite hostname="TohidP-PC" failures="0" tests="1" name="TestCases.TC002" time="63.333" errors="0" timestamp="2025-03-10T11:33:46 IST" skipped="0">
  <testcase classname="TestCases.TC002" name="validateSearchFunction" time="63.333"/>
</testsuite> <!-- TestCases.TC002 -->
