<?xml version="1.0" encoding="UTF-8"?>
<!-- Generated by org.testng.reporters.JUnitReportReporter -->
<testsuite hostname="TohidP-PC" failures="0" tests="12" name="TestCases.TC_001_SignUpPage" time="109.756" errors="0" timestamp="2025-03-11T18:04:48 IST" skipped="0">
  <testcase classname="TestCases.TC_001_SignUpPage" name="Verify_SignUp" time="8.405"/>
  <testcase classname="TestCases.TC_001_SignUpPage" name="Verify_ProfessionalPage" time="6.092"/>
  <testcase classname="TestCases.TC_001_SignUpPage" name="Verify_TypesofProject" time="8.303"/>
  <testcase classname="TestCases.TC_001_SignUpPage" name="Verify_TypeDev" time="7.375"/>
  <testcase classname="TestCases.TC_001_SignUpPage" name="Verify_PlatformSelection" time="12.024"/>
  <testcase classname="TestCases.TC_001_SignUpPage" name="Verify_TypeofBusiness" time="7.714"/>
  <testcase classname="TestCases.TC_001_SignUpPage" name="Verify_ProjectSelection" time="5.775"/>
  <testcase classname="TestCases.TC_001_SignUpPage" name="Verify_HiringDecisionPage" time="6.365"/>
  <testcase classname="TestCases.TC_001_SignUpPage" name="Verify_BudgetSelectionPage" time="8.599"/>
  <testcase classname="TestCases.TC_001_SignUpPage" name="Verify_LoactionPage" time="8.793"/>
  <testcase classname="TestCases.TC_001_SignUpPage" name="Verify_BusinessDetails" time="12.360"/>
  <testcase classname="TestCases.TC_001_SignUpPage" name="Verify_RegisterDetails" time="17.951"/>
</testsuite> <!-- TestCases.TC_001_SignUpPage -->
